{"/home/travis/build/npmtest/node-npmtest-jstimezonedetect/test.js":{"path":"/home/travis/build/npmtest/node-npmtest-jstimezonedetect/test.js","s":{"1":2,"2":2,"3":2,"4":2,"5":2,"6":2,"7":2,"8":1,"9":2,"10":2,"11":1,"12":1,"13":1,"14":1,"15":2,"16":2,"17":2,"18":2,"19":1,"20":1,"21":2,"22":2,"23":2,"24":1,"25":1,"26":1,"27":1,"28":1,"29":1,"30":1,"31":1,"32":1,"33":1,"34":1,"35":1,"36":1,"37":1,"38":1,"39":2,"40":2,"41":1,"42":2,"43":2,"44":1,"45":2,"46":2,"47":1,"48":2,"49":2,"50":1,"51":1,"52":1,"53":1,"54":1},"b":{"1":[2,1,1,1],"2":[1,1,1,1],"3":[1,1],"4":[1,1],"5":[1,1],"6":[1,1],"7":[1,1],"8":[1,1],"9":[1,1],"10":[1,1,1],"11":[1,1],"12":[1,1],"13":[1,1],"14":[1,1],"15":[1,1],"16":[1,1],"17":[1,1]},"f":{"1":2,"2":2,"3":2,"4":2,"5":2,"6":1,"7":1,"8":1,"9":2,"10":2,"11":2,"12":2,"13":1},"fnMap":{"1":{"name":"(anonymous_1)","line":12,"loc":{"start":{"line":12,"column":1},"end":{"line":12,"column":13}}},"2":{"name":"(anonymous_2)","line":19,"loc":{"start":{"line":19,"column":5},"end":{"line":19,"column":17}}},"3":{"name":"(anonymous_3)","line":23,"loc":{"start":{"line":23,"column":24},"end":{"line":23,"column":36}}},"4":{"name":"(anonymous_4)","line":61,"loc":{"start":{"line":61,"column":5},"end":{"line":61,"column":17}}},"5":{"name":"(anonymous_5)","line":82,"loc":{"start":{"line":82,"column":5},"end":{"line":82,"column":17}}},"6":{"name":"(anonymous_6)","line":91,"loc":{"start":{"line":91,"column":77},"end":{"line":94,"column":10}}},"7":{"name":"(anonymous_7)","line":112,"loc":{"start":{"line":112,"column":83},"end":{"line":115,"column":10}},"skip":true},"8":{"name":"(anonymous_8)","line":123,"loc":{"start":{"line":123,"column":77},"end":{"line":126,"column":10}},"skip":true},"9":{"name":"(anonymous_9)","line":139,"loc":{"start":{"line":139,"column":12},"end":{"line":139,"column":40}},"skip":true},"10":{"name":"(anonymous_10)","line":147,"loc":{"start":{"line":147,"column":77},"end":{"line":150,"column":10}},"skip":true},"11":{"name":"(anonymous_11)","line":158,"loc":{"start":{"line":158,"column":83},"end":{"line":161,"column":10}},"skip":true},"12":{"name":"(anonymous_12)","line":169,"loc":{"start":{"line":169,"column":79},"end":{"line":172,"column":10}},"skip":true},"13":{"name":"(anonymous_13)","line":180,"loc":{"start":{"line":180,"column":75},"end":{"line":183,"column":10}},"skip":true}},"statementMap":{"1":{"start":{"line":12,"column":0},"end":{"line":195,"column":5}},"2":{"start":{"line":14,"column":4},"end":{"line":14,"column":14}},"3":{"start":{"line":19,"column":4},"end":{"line":56,"column":9}},"4":{"start":{"line":21,"column":8},"end":{"line":21,"column":19}},"5":{"start":{"line":23,"column":8},"end":{"line":35,"column":13}},"6":{"start":{"line":24,"column":12},"end":{"line":34,"column":13}},"7":{"start":{"line":25,"column":16},"end":{"line":28,"column":30}},"8":{"start":{"line":30,"column":16},"end":{"line":33,"column":27}},"9":{"start":{"line":37,"column":8},"end":{"line":39,"column":21}},"10":{"start":{"line":40,"column":8},"end":{"line":53,"column":9}},"11":{"start":{"line":43,"column":12},"end":{"line":46,"column":14}},"12":{"start":{"line":47,"column":12},"end":{"line":47,"column":18}},"13":{"start":{"line":50,"column":12},"end":{"line":51,"column":46}},"14":{"start":{"line":52,"column":12},"end":{"line":52,"column":18}},"15":{"start":{"line":55,"column":8},"end":{"line":55,"column":35}},"16":{"start":{"line":61,"column":4},"end":{"line":63,"column":9}},"17":{"start":{"line":62,"column":8},"end":{"line":62,"column":15}},"18":{"start":{"line":64,"column":4},"end":{"line":77,"column":5}},"19":{"start":{"line":70,"column":8},"end":{"line":70,"column":14}},"20":{"start":{"line":76,"column":8},"end":{"line":76,"column":14}},"21":{"start":{"line":82,"column":4},"end":{"line":84,"column":9}},"22":{"start":{"line":83,"column":8},"end":{"line":83,"column":15}},"23":{"start":{"line":85,"column":4},"end":{"line":194,"column":5}},"24":{"start":{"line":91,"column":8},"end":{"line":99,"column":10}},"25":{"start":{"line":98,"column":12},"end":{"line":98,"column":35}},"26":{"start":{"line":102,"column":8},"end":{"line":104,"column":63}},"27":{"start":{"line":105,"column":8},"end":{"line":105,"column":14}},"28":{"start":{"line":112,"column":8},"end":{"line":121,"column":10},"skip":true},"29":{"start":{"line":119,"column":12},"end":{"line":119,"column":55},"skip":true},"30":{"start":{"line":120,"column":12},"end":{"line":120,"column":48},"skip":true},"31":{"start":{"line":123,"column":8},"end":{"line":136,"column":10},"skip":true},"32":{"start":{"line":130,"column":12},"end":{"line":130,"column":76},"skip":true},"33":{"start":{"line":131,"column":12},"end":{"line":131,"column":73},"skip":true},"34":{"start":{"line":132,"column":12},"end":{"line":132,"column":74},"skip":true},"35":{"start":{"line":133,"column":12},"end":{"line":133,"column":79},"skip":true},"36":{"start":{"line":134,"column":12},"end":{"line":134,"column":25},"skip":true},"37":{"start":{"line":135,"column":12},"end":{"line":135,"column":45},"skip":true},"38":{"start":{"line":138,"column":8},"end":{"line":145,"column":14},"skip":true},"39":{"start":{"line":143,"column":16},"end":{"line":143,"column":29},"skip":true},"40":{"start":{"line":144,"column":16},"end":{"line":144,"column":55},"skip":true},"41":{"start":{"line":147,"column":8},"end":{"line":156,"column":10},"skip":true},"42":{"start":{"line":154,"column":12},"end":{"line":154,"column":25},"skip":true},"43":{"start":{"line":155,"column":12},"end":{"line":155,"column":45},"skip":true},"44":{"start":{"line":158,"column":8},"end":{"line":167,"column":10},"skip":true},"45":{"start":{"line":165,"column":12},"end":{"line":165,"column":25},"skip":true},"46":{"start":{"line":166,"column":12},"end":{"line":166,"column":48},"skip":true},"47":{"start":{"line":169,"column":8},"end":{"line":178,"column":10},"skip":true},"48":{"start":{"line":176,"column":12},"end":{"line":176,"column":25},"skip":true},"49":{"start":{"line":177,"column":12},"end":{"line":177,"column":46},"skip":true},"50":{"start":{"line":180,"column":8},"end":{"line":189,"column":10},"skip":true},"51":{"start":{"line":187,"column":12},"end":{"line":187,"column":94},"skip":true},"52":{"start":{"line":188,"column":12},"end":{"line":188,"column":48},"skip":true},"53":{"start":{"line":192,"column":8},"end":{"line":192,"column":35},"skip":true},"54":{"start":{"line":193,"column":8},"end":{"line":193,"column":14},"skip":true}},"branchMap":{"1":{"line":25,"type":"binary-expr","locations":[{"start":{"line":25,"column":23},"end":{"line":25,"column":62}},{"start":{"line":26,"column":20},"end":{"line":26,"column":70}},{"start":{"line":27,"column":20},"end":{"line":27,"column":71}},{"start":{"line":28,"column":20},"end":{"line":28,"column":29}}]},"2":{"line":30,"type":"binary-expr","locations":[{"start":{"line":30,"column":23},"end":{"line":30,"column":37}},{"start":{"line":31,"column":20},"end":{"line":31,"column":61}},{"start":{"line":32,"column":20},"end":{"line":32,"column":70}},{"start":{"line":33,"column":20},"end":{"line":33,"column":26}}]},"3":{"line":37,"type":"cond-expr","locations":[{"start":{"line":38,"column":14},"end":{"line":38,"column":20}},{"start":{"line":39,"column":14},"end":{"line":39,"column":20}}]},"4":{"line":40,"type":"switch","locations":[{"start":{"line":42,"column":8},"end":{"line":47,"column":18}},{"start":{"line":49,"column":8},"end":{"line":52,"column":18}}]},"5":{"line":44,"type":"binary-expr","locations":[{"start":{"line":44,"column":16},"end":{"line":44,"column":44}},{"start":{"line":44,"column":48},"end":{"line":44,"column":66}}]},"6":{"line":50,"type":"binary-expr","locations":[{"start":{"line":50,"column":21},"end":{"line":50,"column":49}},{"start":{"line":50,"column":53},"end":{"line":50,"column":72}}]},"7":{"line":64,"type":"switch","locations":[{"start":{"line":69,"column":4},"end":{"line":70,"column":14}},{"start":{"line":75,"column":4},"end":{"line":76,"column":14}}]},"8":{"line":85,"type":"switch","locations":[{"start":{"line":90,"column":4},"end":{"line":105,"column":14}},{"start":{"line":111,"column":4},"end":{"line":193,"column":14},"skip":true}]},"9":{"line":91,"type":"binary-expr","locations":[{"start":{"line":91,"column":42},"end":{"line":91,"column":73}},{"start":{"line":91,"column":77},"end":{"line":99,"column":9}}]},"10":{"line":102,"type":"binary-expr","locations":[{"start":{"line":102,"column":18},"end":{"line":102,"column":32}},{"start":{"line":103,"column":12},"end":{"line":103,"column":53}},{"start":{"line":104,"column":12},"end":{"line":104,"column":61}}]},"11":{"line":112,"type":"binary-expr","locations":[{"start":{"line":112,"column":45},"end":{"line":112,"column":79},"skip":true},{"start":{"line":112,"column":83},"end":{"line":121,"column":9},"skip":true}]},"12":{"line":123,"type":"binary-expr","locations":[{"start":{"line":123,"column":42},"end":{"line":123,"column":73},"skip":true},{"start":{"line":123,"column":77},"end":{"line":136,"column":9},"skip":true}]},"13":{"line":138,"type":"binary-expr","locations":[{"start":{"line":138,"column":48},"end":{"line":138,"column":85},"skip":true},{"start":{"line":139,"column":12},"end":{"line":145,"column":13},"skip":true}]},"14":{"line":147,"type":"binary-expr","locations":[{"start":{"line":147,"column":42},"end":{"line":147,"column":73},"skip":true},{"start":{"line":147,"column":77},"end":{"line":156,"column":9},"skip":true}]},"15":{"line":158,"type":"binary-expr","locations":[{"start":{"line":158,"column":45},"end":{"line":158,"column":79},"skip":true},{"start":{"line":158,"column":83},"end":{"line":167,"column":9},"skip":true}]},"16":{"line":169,"type":"binary-expr","locations":[{"start":{"line":169,"column":43},"end":{"line":169,"column":75},"skip":true},{"start":{"line":169,"column":79},"end":{"line":178,"column":9},"skip":true}]},"17":{"line":180,"type":"binary-expr","locations":[{"start":{"line":180,"column":41},"end":{"line":180,"column":71},"skip":true},{"start":{"line":180,"column":75},"end":{"line":189,"column":9},"skip":true}]}},"code":["/* istanbul instrument in package npmtest_jstimezonedetect */","/*jslint","    bitwise: true,","    browser: true,","    maxerr: 8,","    maxlen: 96,","    node: true,","    nomen: true,","    regexp: true,","    stupid: true","*/","(function () {","    'use strict';","    var local;","","","","    // run shared js-env code - pre-init","    (function () {","        // init local","        local = {};","        // init modeJs","        local.modeJs = (function () {","            try {","                return typeof navigator.userAgent === 'string' &&","                    typeof document.querySelector('body') === 'object' &&","                    typeof XMLHttpRequest.prototype.open === 'function' &&","                    'browser';","            } catch (errorCaughtBrowser) {","                return module.exports &&","                    typeof process.versions.node === 'string' &&","                    typeof require('http').createServer === 'function' &&","                    'node';","            }","        }());","        // init global","        local.global = local.modeJs === 'browser'","            ? window","            : global;","        switch (local.modeJs) {","        // re-init local from window.local","        case 'browser':","            local = local.global.utility2.objectSetDefault(","                local.global.utility2_rollup || local.global.local,","                local.global.utility2","            );","            break;","        // re-init local from example.js","        case 'node':","            local = (local.global.utility2_rollup || require('utility2'))","                .requireExampleJsFromReadme();","            break;","        }","        // export local","        local.global.local = local;","    }());","","","","    // run shared js-env code - function","    (function () {","        return;","    }());","    switch (local.modeJs) {","","","","    // run browser js-env code - function","    case 'browser':","        break;","","","","    // run node js-env code - function","    case 'node':","        break;","    }","","","","    // run shared js-env code - post-init","    (function () {","        return;","    }());","    switch (local.modeJs) {","","","","    // run browser js-env code - post-init","    case 'browser':","        local.testCase_browser_nullCase = local.testCase_browser_nullCase || function (","            options,","            onError","        ) {","        /*","         * this function will test browsers's null-case handling-behavior-behavior","         */","            onError(null, options);","        };","","        // run tests","        local.nop(local.modeTest &&","            document.querySelector('#testRunButton1') &&","            document.querySelector('#testRunButton1').click());","        break;","","","","    // run node js-env code - post-init","    /* istanbul ignore next */","    case 'node':","        local.testCase_buildApidoc_default = local.testCase_buildApidoc_default || function (","            options,","            onError","        ) {","        /*","         * this function will test buildApidoc's default handling-behavior-behavior","         */","            options = { modulePathList: module.paths };","            local.buildApidoc(options, onError);","        };","","        local.testCase_buildApp_default = local.testCase_buildApp_default || function (","            options,","            onError","        ) {","        /*","         * this function will test buildApp's default handling-behavior-behavior","         */","            local.testCase_buildReadme_default(options, local.onErrorThrow);","            local.testCase_buildLib_default(options, local.onErrorThrow);","            local.testCase_buildTest_default(options, local.onErrorThrow);","            local.testCase_buildCustomOrg_default(options, local.onErrorThrow);","            options = [];","            local.buildApp(options, onError);","        };","","        local.testCase_buildCustomOrg_default = local.testCase_buildCustomOrg_default ||","            function (options, onError) {","            /*","             * this function will test buildCustomOrg's default handling-behavior","             */","                options = {};","                local.buildCustomOrg(options, onError);","            };","","        local.testCase_buildLib_default = local.testCase_buildLib_default || function (","            options,","            onError","        ) {","        /*","         * this function will test buildLib's default handling-behavior","         */","            options = {};","            local.buildLib(options, onError);","        };","","        local.testCase_buildReadme_default = local.testCase_buildReadme_default || function (","            options,","            onError","        ) {","        /*","         * this function will test buildReadme's default handling-behavior-behavior","         */","            options = {};","            local.buildReadme(options, onError);","        };","","        local.testCase_buildTest_default = local.testCase_buildTest_default || function (","            options,","            onError","        ) {","        /*","         * this function will test buildTest's default handling-behavior","         */","            options = {};","            local.buildTest(options, onError);","        };","","        local.testCase_webpage_default = local.testCase_webpage_default || function (","            options,","            onError","        ) {","        /*","         * this function will test webpage's default handling-behavior","         */","            options = { modeCoverageMerge: true, url: local.serverLocalHost + '?modeTest=1' };","            local.browserTest(options, onError);","        };","","        // run test-server","        local.testRunServer(local);","        break;","    }","}());",""],"l":{"12":2,"14":2,"19":2,"21":2,"23":2,"24":2,"25":2,"30":1,"37":2,"40":2,"43":1,"47":1,"50":1,"52":1,"55":2,"61":2,"62":2,"64":2,"70":1,"76":1,"82":2,"83":2,"85":2,"91":1,"98":1,"102":1,"105":1,"112":1,"119":1,"120":1,"123":1,"130":1,"131":1,"132":1,"133":1,"134":1,"135":1,"138":1,"143":2,"144":2,"147":1,"154":2,"155":2,"158":1,"165":2,"166":2,"169":1,"176":2,"177":2,"180":1,"187":1,"188":1,"192":1,"193":1}},"/home/travis/build/npmtest/node-npmtest-jstimezonedetect/lib.npmtest_jstimezonedetect.js":{"path":"/home/travis/build/npmtest/node-npmtest-jstimezonedetect/lib.npmtest_jstimezonedetect.js","s":{"1":2,"2":2,"3":2,"4":2,"5":2,"6":2,"7":2,"8":1,"9":2,"10":2,"11":2,"12":2,"13":1,"14":1,"15":1,"16":1},"b":{"1":[2,1,1,1],"2":[1,1,1,1],"3":[1,1],"4":[2,2],"5":[1,1]},"f":{"1":2,"2":2,"3":2},"fnMap":{"1":{"name":"(anonymous_1)","line":12,"loc":{"start":{"line":12,"column":1},"end":{"line":12,"column":13}}},"2":{"name":"(anonymous_2)","line":19,"loc":{"start":{"line":19,"column":5},"end":{"line":19,"column":17}}},"3":{"name":"(anonymous_3)","line":23,"loc":{"start":{"line":23,"column":24},"end":{"line":23,"column":36}}}},"statementMap":{"1":{"start":{"line":12,"column":0},"end":{"line":53,"column":5}},"2":{"start":{"line":14,"column":4},"end":{"line":14,"column":14}},"3":{"start":{"line":19,"column":4},"end":{"line":52,"column":9}},"4":{"start":{"line":21,"column":8},"end":{"line":21,"column":19}},"5":{"start":{"line":23,"column":8},"end":{"line":35,"column":13}},"6":{"start":{"line":24,"column":12},"end":{"line":34,"column":13}},"7":{"start":{"line":25,"column":16},"end":{"line":28,"column":30}},"8":{"start":{"line":30,"column":16},"end":{"line":33,"column":27}},"9":{"start":{"line":37,"column":8},"end":{"line":39,"column":21}},"10":{"start":{"line":41,"column":8},"end":{"line":41,"column":54}},"11":{"start":{"line":43,"column":8},"end":{"line":43,"column":61}},"12":{"start":{"line":45,"column":8},"end":{"line":51,"column":9}},"13":{"start":{"line":46,"column":12},"end":{"line":46,"column":67}},"14":{"start":{"line":48,"column":12},"end":{"line":48,"column":35}},"15":{"start":{"line":49,"column":12},"end":{"line":49,"column":49}},"16":{"start":{"line":50,"column":12},"end":{"line":50,"column":43}}},"branchMap":{"1":{"line":25,"type":"binary-expr","locations":[{"start":{"line":25,"column":23},"end":{"line":25,"column":62}},{"start":{"line":26,"column":20},"end":{"line":26,"column":70}},{"start":{"line":27,"column":20},"end":{"line":27,"column":71}},{"start":{"line":28,"column":20},"end":{"line":28,"column":29}}]},"2":{"line":30,"type":"binary-expr","locations":[{"start":{"line":30,"column":23},"end":{"line":30,"column":37}},{"start":{"line":31,"column":20},"end":{"line":31,"column":61}},{"start":{"line":32,"column":20},"end":{"line":32,"column":70}},{"start":{"line":33,"column":20},"end":{"line":33,"column":26}}]},"3":{"line":37,"type":"cond-expr","locations":[{"start":{"line":38,"column":14},"end":{"line":38,"column":20}},{"start":{"line":39,"column":14},"end":{"line":39,"column":20}}]},"4":{"line":41,"type":"binary-expr","locations":[{"start":{"line":41,"column":16},"end":{"line":41,"column":44}},{"start":{"line":41,"column":48},"end":{"line":41,"column":53}}]},"5":{"line":45,"type":"if","locations":[{"start":{"line":45,"column":8},"end":{"line":45,"column":8}},{"start":{"line":45,"column":8},"end":{"line":45,"column":8}}]}},"code":["/* istanbul instrument in package npmtest_jstimezonedetect */","/*jslint","    bitwise: true,","    browser: true,","    maxerr: 8,","    maxlen: 96,","    node: true,","    nomen: true,","    regexp: true,","    stupid: true","*/","(function () {","    'use strict';","    var local;","","","","    // run shared js-env code - pre-init","    (function () {","        // init local","        local = {};","        // init modeJs","        local.modeJs = (function () {","            try {","                return typeof navigator.userAgent === 'string' &&","                    typeof document.querySelector('body') === 'object' &&","                    typeof XMLHttpRequest.prototype.open === 'function' &&","                    'browser';","            } catch (errorCaughtBrowser) {","                return module.exports &&","                    typeof process.versions.node === 'string' &&","                    typeof require('http').createServer === 'function' &&","                    'node';","            }","        }());","        // init global","        local.global = local.modeJs === 'browser'","            ? window","            : global;","        // init utility2_rollup","        local = local.global.utility2_rollup || local;","        // init lib","        local.local = local.npmtest_jstimezonedetect = local;","        // init exports","        if (local.modeJs === 'browser') {","            local.global.utility2_npmtest_jstimezonedetect = local;","        } else {","            module.exports = local;","            module.exports.__dirname = __dirname;","            module.exports.module = module;","        }","    }());","}());",""],"l":{"12":2,"14":2,"19":2,"21":2,"23":2,"24":2,"25":2,"30":1,"37":2,"41":2,"43":2,"45":2,"46":1,"48":1,"49":1,"50":1}},"/home/travis/build/npmtest/node-npmtest-jstimezonedetect/example.js":{"path":"/home/travis/build/npmtest/node-npmtest-jstimezonedetect/example.js","s":{"1":2,"2":2,"3":2,"4":2,"5":2,"6":2,"7":2,"8":1,"9":2,"10":2,"11":2,"12":2,"13":1,"14":2,"15":2,"16":2,"17":2,"18":2,"19":0,"20":2,"21":1,"22":1,"23":1,"24":1,"25":1,"26":0,"27":0,"28":1,"29":1,"30":2,"31":0,"32":0,"33":0,"34":1,"35":2,"36":2,"37":3,"38":3,"39":3,"40":3,"41":0,"42":3,"43":3,"44":3,"45":1,"46":3,"47":1,"48":1,"49":1,"50":1,"51":1,"52":1,"53":1,"54":1,"55":1,"56":1,"57":0,"58":1,"59":6,"60":6,"61":1,"62":2,"63":0,"64":2,"65":1,"66":1,"67":0,"68":0,"69":0,"70":0,"71":0,"72":0,"73":0,"74":0,"75":0,"76":0,"77":0,"78":0,"79":0,"80":0,"81":0,"82":0,"83":0},"b":{"1":[2,1,1,1],"2":[1,1,1,1],"3":[1,1],"4":[2,2],"5":[1,1],"6":[1,1],"7":[2,0],"8":[2,1,1,1,1,1],"9":[0,2,0],"10":[1,1],"11":[2,1,1],"12":[1,0],"13":[0,2],"14":[2,0,0,0,0,0,0],"15":[0,3],"16":[3,0],"17":[1,1],"18":[0,1],"19":[1,2,0,2],"20":[1,0],"21":[1,1],"22":[0,0],"23":[0,0],"24":[0,0],"25":[0,0],"26":[0,0],"27":[0,0],"28":[0,0]},"f":{"1":2,"2":2,"3":2,"4":2,"5":2,"6":2,"7":3,"8":3,"9":3,"10":1,"11":6,"12":0},"fnMap":{"1":{"name":"(anonymous_1)","line":26,"loc":{"start":{"line":26,"column":1},"end":{"line":26,"column":13}}},"2":{"name":"(anonymous_2)","line":33,"loc":{"start":{"line":33,"column":5},"end":{"line":33,"column":17}}},"3":{"name":"(anonymous_3)","line":37,"loc":{"start":{"line":37,"column":24},"end":{"line":37,"column":36}}},"4":{"name":"(anonymous_4)","line":69,"loc":{"start":{"line":69,"column":31},"end":{"line":69,"column":48}},"skip":true},"5":{"name":"(anonymous_5)","line":78,"loc":{"start":{"line":78,"column":26},"end":{"line":78,"column":45}},"skip":true},"6":{"name":"(anonymous_6)","line":123,"loc":{"start":{"line":123,"column":33},"end":{"line":123,"column":48}},"skip":true},"7":{"name":"(anonymous_7)","line":125,"loc":{"start":{"line":125,"column":27},"end":{"line":125,"column":39}},"skip":true},"8":{"name":"(anonymous_8)","line":133,"loc":{"start":{"line":133,"column":59},"end":{"line":133,"column":74}},"skip":true},"9":{"name":"(anonymous_9)","line":143,"loc":{"start":{"line":143,"column":45},"end":{"line":143,"column":62}},"skip":true},"10":{"name":"(anonymous_10)","line":144,"loc":{"start":{"line":144,"column":73},"end":{"line":144,"column":92}},"skip":true},"11":{"name":"(anonymous_11)","line":272,"loc":{"start":{"line":272,"column":51},"end":{"line":272,"column":77}},"skip":true},"12":{"name":"(anonymous_12)","line":315,"loc":{"start":{"line":315,"column":32},"end":{"line":315,"column":61}},"skip":true}},"statementMap":{"1":{"start":{"line":26,"column":0},"end":{"line":326,"column":5}},"2":{"start":{"line":28,"column":4},"end":{"line":28,"column":14}},"3":{"start":{"line":33,"column":4},"end":{"line":60,"column":9}},"4":{"start":{"line":35,"column":8},"end":{"line":35,"column":19}},"5":{"start":{"line":37,"column":8},"end":{"line":49,"column":13}},"6":{"start":{"line":38,"column":12},"end":{"line":48,"column":13}},"7":{"start":{"line":39,"column":16},"end":{"line":42,"column":30}},"8":{"start":{"line":44,"column":16},"end":{"line":47,"column":27}},"9":{"start":{"line":51,"column":8},"end":{"line":53,"column":21}},"10":{"start":{"line":55,"column":8},"end":{"line":57,"column":45}},"11":{"start":{"line":59,"column":8},"end":{"line":59,"column":35}},"12":{"start":{"line":61,"column":4},"end":{"line":325,"column":5}},"13":{"start":{"line":69,"column":8},"end":{"line":121,"column":10},"skip":true},"14":{"start":{"line":70,"column":12},"end":{"line":88,"column":13},"skip":true},"15":{"start":{"line":76,"column":16},"end":{"line":87,"column":19},"skip":true},"16":{"start":{"line":79,"column":20},"end":{"line":86,"column":21},"skip":true},"17":{"start":{"line":82,"column":24},"end":{"line":82,"column":43},"skip":true},"18":{"start":{"line":83,"column":24},"end":{"line":83,"column":30},"skip":true},"19":{"start":{"line":85,"column":24},"end":{"line":85,"column":49},"skip":true},"20":{"start":{"line":89,"column":12},"end":{"line":107,"column":13},"skip":true},"21":{"start":{"line":92,"column":16},"end":{"line":102,"column":17},"skip":true},"22":{"start":{"line":93,"column":20},"end":{"line":93,"column":86},"skip":true},"23":{"start":{"line":94,"column":20},"end":{"line":95,"column":45},"skip":true},"24":{"start":{"line":96,"column":20},"end":{"line":96,"column":42},"skip":true},"25":{"start":{"line":97,"column":20},"end":{"line":97,"column":48},"skip":true},"26":{"start":{"line":100,"column":20},"end":{"line":100,"column":85},"skip":true},"27":{"start":{"line":101,"column":20},"end":{"line":101,"column":96},"skip":true},"28":{"start":{"line":103,"column":16},"end":{"line":103,"column":22},"skip":true},"29":{"start":{"line":106,"column":16},"end":{"line":106,"column":22},"skip":true},"30":{"start":{"line":108,"column":12},"end":{"line":120,"column":13},"skip":true},"31":{"start":{"line":114,"column":16},"end":{"line":119,"column":17},"skip":true},"32":{"start":{"line":116,"column":20},"end":{"line":116,"column":78},"skip":true},"33":{"start":{"line":118,"column":20},"end":{"line":118,"column":47},"skip":true},"34":{"start":{"line":123,"column":8},"end":{"line":141,"column":11},"skip":true},"35":{"start":{"line":124,"column":12},"end":{"line":124,"column":54},"skip":true},"36":{"start":{"line":125,"column":12},"end":{"line":140,"column":14},"skip":true},"37":{"start":{"line":126,"column":16},"end":{"line":126,"column":28},"skip":true},"38":{"start":{"line":127,"column":16},"end":{"line":127,"column":69},"skip":true},"39":{"start":{"line":128,"column":16},"end":{"line":128,"column":75},"skip":true},"40":{"start":{"line":129,"column":16},"end":{"line":131,"column":17},"skip":true},"41":{"start":{"line":130,"column":20},"end":{"line":130,"column":27},"skip":true},"42":{"start":{"line":133,"column":16},"end":{"line":137,"column":36},"skip":true},"43":{"start":{"line":134,"column":20},"end":{"line":136,"column":55},"skip":true},"44":{"start":{"line":139,"column":16},"end":{"line":139,"column":57},"skip":true},"45":{"start":{"line":143,"column":8},"end":{"line":147,"column":11},"skip":true},"46":{"start":{"line":144,"column":12},"end":{"line":146,"column":15},"skip":true},"47":{"start":{"line":145,"column":16},"end":{"line":145,"column":70},"skip":true},"48":{"start":{"line":149,"column":8},"end":{"line":149,"column":31},"skip":true},"49":{"start":{"line":150,"column":8},"end":{"line":150,"column":14},"skip":true},"50":{"start":{"line":158,"column":8},"end":{"line":158,"column":31},"skip":true},"51":{"start":{"line":160,"column":8},"end":{"line":160,"column":33},"skip":true},"52":{"start":{"line":161,"column":8},"end":{"line":161,"column":37},"skip":true},"53":{"start":{"line":162,"column":8},"end":{"line":162,"column":35},"skip":true},"54":{"start":{"line":164,"column":8},"end":{"line":164,"column":50},"skip":true},"55":{"start":{"line":166,"column":8},"end":{"line":256,"column":2},"skip":true},"56":{"start":{"line":258,"column":8},"end":{"line":286,"column":9},"skip":true},"57":{"start":{"line":259,"column":12},"end":{"line":269,"column":14},"skip":true},"58":{"start":{"line":271,"column":12},"end":{"line":285,"column":19},"skip":true},"59":{"start":{"line":274,"column":20},"end":{"line":274,"column":35},"skip":true},"60":{"start":{"line":275,"column":20},"end":{"line":284,"column":21},"skip":true},"61":{"start":{"line":277,"column":24},"end":{"line":277,"column":64},"skip":true},"62":{"start":{"line":279,"column":24},"end":{"line":279,"column":40},"skip":true},"63":{"start":{"line":281,"column":24},"end":{"line":281,"column":40},"skip":true},"64":{"start":{"line":283,"column":24},"end":{"line":283,"column":39},"skip":true},"65":{"start":{"line":288,"column":8},"end":{"line":290,"column":9},"skip":true},"66":{"start":{"line":289,"column":12},"end":{"line":289,"column":18},"skip":true},"67":{"start":{"line":291,"column":8},"end":{"line":293,"column":54},"skip":true},"68":{"start":{"line":296,"column":8},"end":{"line":301,"column":37},"skip":true},"69":{"start":{"line":303,"column":8},"end":{"line":303,"column":82},"skip":true},"70":{"start":{"line":306,"column":8},"end":{"line":308,"column":9},"skip":true},"71":{"start":{"line":307,"column":12},"end":{"line":307,"column":82},"skip":true},"72":{"start":{"line":310,"column":8},"end":{"line":312,"column":9},"skip":true},"73":{"start":{"line":311,"column":12},"end":{"line":311,"column":18},"skip":true},"74":{"start":{"line":313,"column":8},"end":{"line":313,"column":54},"skip":true},"75":{"start":{"line":314,"column":8},"end":{"line":314,"column":69},"skip":true},"76":{"start":{"line":315,"column":8},"end":{"line":323,"column":36},"skip":true},"77":{"start":{"line":316,"column":12},"end":{"line":316,"column":61},"skip":true},"78":{"start":{"line":317,"column":12},"end":{"line":320,"column":13},"skip":true},"79":{"start":{"line":318,"column":16},"end":{"line":318,"column":75},"skip":true},"80":{"start":{"line":319,"column":16},"end":{"line":319,"column":23},"skip":true},"81":{"start":{"line":321,"column":12},"end":{"line":321,"column":38},"skip":true},"82":{"start":{"line":322,"column":12},"end":{"line":322,"column":27},"skip":true},"83":{"start":{"line":324,"column":8},"end":{"line":324,"column":14},"skip":true}},"branchMap":{"1":{"line":39,"type":"binary-expr","locations":[{"start":{"line":39,"column":23},"end":{"line":39,"column":62}},{"start":{"line":40,"column":20},"end":{"line":40,"column":70}},{"start":{"line":41,"column":20},"end":{"line":41,"column":71}},{"start":{"line":42,"column":20},"end":{"line":42,"column":29}}]},"2":{"line":44,"type":"binary-expr","locations":[{"start":{"line":44,"column":23},"end":{"line":44,"column":37}},{"start":{"line":45,"column":20},"end":{"line":45,"column":61}},{"start":{"line":46,"column":20},"end":{"line":46,"column":70}},{"start":{"line":47,"column":20},"end":{"line":47,"column":26}}]},"3":{"line":51,"type":"cond-expr","locations":[{"start":{"line":52,"column":14},"end":{"line":52,"column":20}},{"start":{"line":53,"column":14},"end":{"line":53,"column":20}}]},"4":{"line":55,"type":"binary-expr","locations":[{"start":{"line":55,"column":16},"end":{"line":55,"column":44}},{"start":{"line":55,"column":49},"end":{"line":57,"column":43}}]},"5":{"line":55,"type":"cond-expr","locations":[{"start":{"line":56,"column":14},"end":{"line":56,"column":60}},{"start":{"line":57,"column":14},"end":{"line":57,"column":43}}]},"6":{"line":61,"type":"switch","locations":[{"start":{"line":68,"column":4},"end":{"line":150,"column":14},"skip":true},{"start":{"line":156,"column":4},"end":{"line":324,"column":14},"skip":true}]},"7":{"line":70,"type":"if","locations":[{"start":{"line":70,"column":12},"end":{"line":70,"column":12},"skip":true},{"start":{"line":70,"column":12},"end":{"line":70,"column":12},"skip":true}]},"8":{"line":70,"type":"binary-expr","locations":[{"start":{"line":70,"column":16},"end":{"line":70,"column":22},"skip":true},{"start":{"line":70,"column":27},"end":{"line":70,"column":32},"skip":true},{"start":{"line":71,"column":20},"end":{"line":71,"column":39},"skip":true},{"start":{"line":72,"column":20},"end":{"line":72,"column":49},"skip":true},{"start":{"line":73,"column":20},"end":{"line":73,"column":58},"skip":true},{"start":{"line":74,"column":20},"end":{"line":74,"column":69},"skip":true}]},"9":{"line":79,"type":"switch","locations":[{"start":{"line":80,"column":20},"end":{"line":80,"column":33},"skip":true},{"start":{"line":81,"column":20},"end":{"line":83,"column":30},"skip":true},{"start":{"line":84,"column":20},"end":{"line":85,"column":49},"skip":true}]},"10":{"line":89,"type":"switch","locations":[{"start":{"line":90,"column":12},"end":{"line":103,"column":22},"skip":true},{"start":{"line":105,"column":12},"end":{"line":106,"column":22},"skip":true}]},"11":{"line":89,"type":"binary-expr","locations":[{"start":{"line":89,"column":20},"end":{"line":89,"column":25},"skip":true},{"start":{"line":89,"column":29},"end":{"line":89,"column":48},"skip":true},{"start":{"line":89,"column":52},"end":{"line":89,"column":74},"skip":true}]},"12":{"line":92,"type":"if","locations":[{"start":{"line":92,"column":16},"end":{"line":92,"column":16},"skip":true},{"start":{"line":92,"column":16},"end":{"line":92,"column":16},"skip":true}]},"13":{"line":108,"type":"if","locations":[{"start":{"line":108,"column":12},"end":{"line":108,"column":12},"skip":true},{"start":{"line":108,"column":12},"end":{"line":108,"column":12},"skip":true}]},"14":{"line":108,"type":"binary-expr","locations":[{"start":{"line":108,"column":16},"end":{"line":108,"column":61},"skip":true},{"start":{"line":108,"column":66},"end":{"line":108,"column":72},"skip":true},{"start":{"line":108,"column":77},"end":{"line":108,"column":82},"skip":true},{"start":{"line":109,"column":20},"end":{"line":109,"column":39},"skip":true},{"start":{"line":110,"column":20},"end":{"line":110,"column":49},"skip":true},{"start":{"line":111,"column":20},"end":{"line":111,"column":58},"skip":true},{"start":{"line":112,"column":20},"end":{"line":112,"column":68},"skip":true}]},"15":{"line":129,"type":"if","locations":[{"start":{"line":129,"column":16},"end":{"line":129,"column":16},"skip":true},{"start":{"line":129,"column":16},"end":{"line":129,"column":16},"skip":true}]},"16":{"line":134,"type":"cond-expr","locations":[{"start":{"line":135,"column":26},"end":{"line":135,"column":29},"skip":true},{"start":{"line":136,"column":26},"end":{"line":136,"column":54},"skip":true}]},"17":{"line":164,"type":"binary-expr","locations":[{"start":{"line":164,"column":27},"end":{"line":164,"column":43},"skip":true},{"start":{"line":164,"column":47},"end":{"line":164,"column":49},"skip":true}]},"18":{"line":258,"type":"if","locations":[{"start":{"line":258,"column":8},"end":{"line":258,"column":8},"skip":true},{"start":{"line":258,"column":8},"end":{"line":258,"column":8},"skip":true}]},"19":{"line":275,"type":"switch","locations":[{"start":{"line":276,"column":20},"end":{"line":277,"column":64},"skip":true},{"start":{"line":278,"column":20},"end":{"line":279,"column":40},"skip":true},{"start":{"line":280,"column":20},"end":{"line":281,"column":40},"skip":true},{"start":{"line":282,"column":20},"end":{"line":283,"column":39},"skip":true}]},"20":{"line":288,"type":"if","locations":[{"start":{"line":288,"column":8},"end":{"line":288,"column":8},"skip":true},{"start":{"line":288,"column":8},"end":{"line":288,"column":8},"skip":true}]},"21":{"line":288,"type":"binary-expr","locations":[{"start":{"line":288,"column":12},"end":{"line":288,"column":40},"skip":true},{"start":{"line":288,"column":44},"end":{"line":288,"column":67},"skip":true}]},"22":{"line":292,"type":"binary-expr","locations":[{"start":{"line":292,"column":12},"end":{"line":292,"column":50},"skip":true},{"start":{"line":293,"column":12},"end":{"line":293,"column":53},"skip":true}]},"23":{"line":297,"type":"binary-expr","locations":[{"start":{"line":297,"column":12},"end":{"line":297,"column":74},"skip":true},{"start":{"line":298,"column":12},"end":{"line":301,"column":36},"skip":true}]},"24":{"line":303,"type":"binary-expr","locations":[{"start":{"line":303,"column":43},"end":{"line":303,"column":75},"skip":true},{"start":{"line":303,"column":79},"end":{"line":303,"column":81},"skip":true}]},"25":{"line":306,"type":"if","locations":[{"start":{"line":306,"column":8},"end":{"line":306,"column":8},"skip":true},{"start":{"line":306,"column":8},"end":{"line":306,"column":8},"skip":true}]},"26":{"line":310,"type":"if","locations":[{"start":{"line":310,"column":8},"end":{"line":310,"column":8},"skip":true},{"start":{"line":310,"column":8},"end":{"line":310,"column":8},"skip":true}]},"27":{"line":313,"type":"binary-expr","locations":[{"start":{"line":313,"column":27},"end":{"line":313,"column":43},"skip":true},{"start":{"line":313,"column":47},"end":{"line":313,"column":53},"skip":true}]},"28":{"line":317,"type":"if","locations":[{"start":{"line":317,"column":12},"end":{"line":317,"column":12},"skip":true},{"start":{"line":317,"column":12},"end":{"line":317,"column":12},"skip":true}]}},"code":["/*","example.js","","quickstart example","","instruction","    1. save this script as example.js","    2. run the shell command:","        $ npm install npmtest-jstimezonedetect && PORT=8081 node example.js","    3. play with the browser-demo on http://127.0.0.1:8081","*/","","","","/* istanbul instrument in package npmtest_jstimezonedetect */","/*jslint","    bitwise: true,","    browser: true,","    maxerr: 8,","    maxlen: 96,","    node: true,","    nomen: true,","    regexp: true,","    stupid: true","*/","(function () {","    'use strict';","    var local;","","","","    // run shared js-env code - pre-init","    (function () {","        // init local","        local = {};","        // init modeJs","        local.modeJs = (function () {","            try {","                return typeof navigator.userAgent === 'string' &&","                    typeof document.querySelector('body') === 'object' &&","                    typeof XMLHttpRequest.prototype.open === 'function' &&","                    'browser';","            } catch (errorCaughtBrowser) {","                return module.exports &&","                    typeof process.versions.node === 'string' &&","                    typeof require('http').createServer === 'function' &&","                    'node';","            }","        }());","        // init global","        local.global = local.modeJs === 'browser'","            ? window","            : global;","        // init utility2_rollup","        local = local.global.utility2_rollup || (local.modeJs === 'browser'","            ? local.global.utility2_npmtest_jstimezonedetect","            : global.utility2_moduleExports);","        // export local","        local.global.local = local;","    }());","    switch (local.modeJs) {","","","","    // post-init","    // run browser js-env code - post-init","    /* istanbul ignore next */","    case 'browser':","        local.testRunBrowser = function (event) {","            if (!event || (event &&","                    event.currentTarget &&","                    event.currentTarget.className &&","                    event.currentTarget.className.includes &&","                    event.currentTarget.className.includes('onreset'))) {","                // reset output","                Array.from(","                    document.querySelectorAll('body > .resettable')","                ).forEach(function (element) {","                    switch (element.tagName) {","                    case 'INPUT':","                    case 'TEXTAREA':","                        element.value = '';","                        break;","                    default:","                        element.textContent = '';","                    }","                });","            }","            switch (event && event.currentTarget && event.currentTarget.id) {","            case 'testRunButton1':","                // show tests","                if (document.querySelector('#testReportDiv1').style.display === 'none') {","                    document.querySelector('#testReportDiv1').style.display = 'block';","                    document.querySelector('#testRunButton1').textContent =","                        'hide internal test';","                    local.modeTest = true;","                    local.testRunDefault(local);","                // hide tests","                } else {","                    document.querySelector('#testReportDiv1').style.display = 'none';","                    document.querySelector('#testRunButton1').textContent = 'run internal test';","                }","                break;","            // custom-case","            default:","                break;","            }","            if (document.querySelector('#inputTextareaEval1') && (!event || (event &&","                    event.currentTarget &&","                    event.currentTarget.className &&","                    event.currentTarget.className.includes &&","                    event.currentTarget.className.includes('oneval')))) {","                // try to eval input-code","                try {","                    /*jslint evil: true*/","                    eval(document.querySelector('#inputTextareaEval1').value);","                } catch (errorCaught) {","                    console.error(errorCaught);","                }","            }","        };","        // log stderr and stdout to #outputTextareaStdout1","        ['error', 'log'].forEach(function (key) {","            console[key + '_original'] = console[key];","            console[key] = function () {","                var element;","                console[key + '_original'].apply(console, arguments);","                element = document.querySelector('#outputTextareaStdout1');","                if (!element) {","                    return;","                }","                // append text to #outputTextareaStdout1","                element.value += Array.from(arguments).map(function (arg) {","                    return typeof arg === 'string'","                        ? arg","                        : JSON.stringify(arg, null, 4);","                }).join(' ') + '\\n';","                // scroll textarea to bottom","                element.scrollTop = element.scrollHeight;","            };","        });","        // init event-handling","        ['change', 'click', 'keyup'].forEach(function (event) {","            Array.from(document.querySelectorAll('.on' + event)).forEach(function (element) {","                element.addEventListener(event, local.testRunBrowser);","            });","        });","        // run tests","        local.testRunBrowser();","        break;","","","","    // run node js-env code - post-init","    /* istanbul ignore next */","    case 'node':","        // export local","        module.exports = local;","        // require modules","        local.fs = require('fs');","        local.http = require('http');","        local.url = require('url');","        // init assets","        local.assetsDict = local.assetsDict || {};","        /* jslint-ignore-begin */","        local.assetsDict['/assets.index.template.html'] = '\\","<!doctype html>\\n\\","<html lang=\"en\">\\n\\","<head>\\n\\","<meta charset=\"UTF-8\">\\n\\","<meta name=\"viewport\" content=\"width=device-width, initial-scale=1\">\\n\\","<title>{{env.npm_package_name}} (v{{env.npm_package_version}})</title>\\n\\","<style>\\n\\","/*csslint\\n\\","    box-sizing: false,\\n\\","    universal-selector: false\\n\\","*/\\n\\","* {\\n\\","    box-sizing: border-box;\\n\\","}\\n\\","body {\\n\\","    background: #dde;\\n\\","    font-family: Arial, Helvetica, sans-serif;\\n\\","    margin: 2rem;\\n\\","}\\n\\","body > * {\\n\\","    margin-bottom: 1rem;\\n\\","}\\n\\",".utility2FooterDiv {\\n\\","    margin-top: 20px;\\n\\","    text-align: center;\\n\\","}\\n\\","</style>\\n\\","<style>\\n\\","/*csslint\\n\\","*/\\n\\","textarea {\\n\\","    font-family: monospace;\\n\\","    height: 10rem;\\n\\","    width: 100%;\\n\\","}\\n\\","textarea[readonly] {\\n\\","    background: #ddd;\\n\\","}\\n\\","</style>\\n\\","</head>\\n\\","<body>\\n\\","<!-- utility2-comment\\n\\","<div id=\"ajaxProgressDiv1\" style=\"background: #d00; height: 2px; left: 0; margin: 0; padding: 0; position: fixed; top: 0; transition: background 0.5s, width 1.5s; width: 25%;\"></div>\\n\\","utility2-comment -->\\n\\","<h1>\\n\\","<!-- utility2-comment\\n\\","    <a\\n\\","        {{#if env.npm_package_homepage}}\\n\\","        href=\"{{env.npm_package_homepage}}\"\\n\\","        {{/if env.npm_package_homepage}}\\n\\","        target=\"_blank\"\\n\\","    >\\n\\","utility2-comment -->\\n\\","        {{env.npm_package_name}} (v{{env.npm_package_version}})\\n\\","<!-- utility2-comment\\n\\","    </a>\\n\\","utility2-comment -->\\n\\","</h1>\\n\\","<h3>{{env.npm_package_description}}</h3>\\n\\","<!-- utility2-comment\\n\\","<h4><a download href=\"assets.app.js\">download standalone app</a></h4>\\n\\","<button class=\"onclick onreset\" id=\"testRunButton1\">run internal test</button><br>\\n\\","<div id=\"testReportDiv1\" style=\"display: none;\"></div>\\n\\","utility2-comment -->\\n\\","\\n\\","\\n\\","\\n\\","<label>stderr and stdout</label>\\n\\","<textarea class=\"resettable\" id=\"outputTextareaStdout1\" readonly></textarea>\\n\\","<!-- utility2-comment\\n\\","{{#if isRollup}}\\n\\","<script src=\"assets.app.js\"></script>\\n\\","{{#unless isRollup}}\\n\\","utility2-comment -->\\n\\","<script src=\"assets.utility2.rollup.js\"></script>\\n\\","<script src=\"jsonp.utility2._stateInit?callback=window.utility2._stateInit\"></script>\\n\\","<script src=\"assets.npmtest_jstimezonedetect.rollup.js\"></script>\\n\\","<script src=\"assets.example.js\"></script>\\n\\","<script src=\"assets.test.js\"></script>\\n\\","<!-- utility2-comment\\n\\","{{/if isRollup}}\\n\\","utility2-comment -->\\n\\","<div class=\"utility2FooterDiv\">\\n\\","    [ this app was created with\\n\\","    <a href=\"https://github.com/kaizhu256/node-utility2\" target=\"_blank\">utility2</a>\\n\\","    ]\\n\\","</div>\\n\\","</body>\\n\\","</html>\\n\\","';","        /* jslint-ignore-end */","        if (local.templateRender) {","            local.assetsDict['/'] = local.templateRender(","                local.assetsDict['/assets.index.template.html'],","                {","                    env: local.objectSetDefault(local.env, {","                        npm_package_description: 'the greatest app in the world!',","                        npm_package_name: 'my-app',","                        npm_package_nameAlias: 'my_app',","                        npm_package_version: '0.0.1'","                    })","                }","            );","        } else {","            local.assetsDict['/'] = local.assetsDict['/assets.index.template.html']","                .replace((/\\{\\{env\\.(\\w+?)\\}\\}/g), function (match0, match1) {","                    // jslint-hack","                    String(match0);","                    switch (match1) {","                    case 'npm_package_description':","                        return 'the greatest app in the world!';","                    case 'npm_package_name':","                        return 'my-app';","                    case 'npm_package_nameAlias':","                        return 'my_app';","                    case 'npm_package_version':","                        return '0.0.1';","                    }","                });","        }","        // run the cli","        if (local.global.utility2_rollup || module !== require.main) {","            break;","        }","        local.assetsDict['/assets.example.js'] =","            local.assetsDict['/assets.example.js'] ||","            local.fs.readFileSync(__filename, 'utf8');","        // bug-workaround - long $npm_package_buildCustomOrg","        /* jslint-ignore-begin */","        local.assetsDict['/assets.npmtest_jstimezonedetect.rollup.js'] =","            local.assetsDict['/assets.npmtest_jstimezonedetect.rollup.js'] ||","            local.fs.readFileSync(","                local.npmtest_jstimezonedetect.__dirname + '/lib.npmtest_jstimezonedetect.js',","                'utf8'","            ).replace((/^#!/), '//');","        /* jslint-ignore-end */","        local.assetsDict['/favicon.ico'] = local.assetsDict['/favicon.ico'] || '';","        // if $npm_config_timeout_exit exists,","        // then exit this process after $npm_config_timeout_exit ms","        if (Number(process.env.npm_config_timeout_exit)) {","            setTimeout(process.exit, Number(process.env.npm_config_timeout_exit));","        }","        // start server","        if (local.global.utility2_serverHttp1) {","            break;","        }","        process.env.PORT = process.env.PORT || '8081';","        console.error('server starting on port ' + process.env.PORT);","        local.http.createServer(function (request, response) {","            request.urlParsed = local.url.parse(request.url);","            if (local.assetsDict[request.urlParsed.pathname] !== undefined) {","                response.end(local.assetsDict[request.urlParsed.pathname]);","                return;","            }","            response.statusCode = 404;","            response.end();","        }).listen(process.env.PORT);","        break;","    }","}());",""],"l":{"26":2,"28":2,"33":2,"35":2,"37":2,"38":2,"39":2,"44":1,"51":2,"55":2,"59":2,"61":2,"69":1,"70":2,"76":2,"79":2,"82":2,"83":2,"85":1,"89":2,"92":1,"93":1,"94":1,"96":1,"97":1,"100":1,"101":1,"103":1,"106":1,"108":2,"114":1,"116":1,"118":1,"123":1,"124":2,"125":2,"126":3,"127":3,"128":3,"129":3,"130":1,"133":3,"134":3,"139":3,"143":1,"144":3,"145":1,"149":1,"150":1,"158":1,"160":1,"161":1,"162":1,"164":1,"166":1,"258":1,"259":1,"271":1,"274":6,"275":6,"277":1,"279":2,"281":1,"283":2,"288":1,"289":1,"291":1,"296":1,"303":1,"306":1,"307":1,"310":1,"311":1,"313":1,"314":1,"315":1,"316":1,"317":1,"318":1,"319":1,"321":1,"322":1,"324":1}},"/home/travis/build/npmtest/node-npmtest-jstimezonedetect/node_modules/jstimezonedetect/dist/jstz.js":{"path":"/home/travis/build/npmtest/node-npmtest-jstimezonedetect/node_modules/jstimezonedetect/dist/jstz.js","s":{"1":1,"2":1,"3":1,"4":0,"5":0,"6":0,"7":0,"8":0,"9":0,"10":0,"11":0,"12":0,"13":0,"14":0,"15":0,"16":0,"17":0,"18":0,"19":0,"20":0,"21":0,"22":0,"23":0,"24":0,"25":0,"26":0,"27":0,"28":0,"29":0,"30":0,"31":0,"32":0,"33":0,"34":0,"35":0,"36":0,"37":0,"38":0,"39":0,"40":0,"41":0,"42":0,"43":0,"44":0,"45":0,"46":0,"47":0,"48":0,"49":0,"50":0,"51":0,"52":0,"53":0,"54":0,"55":0,"56":0,"57":0,"58":0,"59":0,"60":0,"61":0,"62":0,"63":0,"64":0,"65":0,"66":0,"67":0,"68":0,"69":0,"70":0,"71":0,"72":0,"73":0,"74":0,"75":0,"76":0,"77":0,"78":0,"79":0,"80":0,"81":0,"82":0,"83":0,"84":0,"85":0,"86":0,"87":0,"88":0,"89":0,"90":0,"91":0,"92":0,"93":0,"94":0,"95":0,"96":0,"97":0,"98":0,"99":0,"100":0,"101":0,"102":0,"103":0,"104":0,"105":0,"106":0,"107":0,"108":0,"109":0,"110":0,"111":0,"112":0,"113":0,"114":0,"115":0,"116":0,"117":0,"118":0,"119":0,"120":0,"121":0,"122":0,"123":0,"124":0,"125":0,"126":0,"127":0,"128":0,"129":0,"130":0,"131":0,"132":0,"133":0,"134":0,"135":0,"136":0,"137":0,"138":1,"139":1,"140":1,"141":1,"142":1,"143":1,"144":0,"145":0,"146":0,"147":0,"148":0,"149":0},"b":{"1":[0,0],"2":[0,0],"3":[0,0],"4":[0,0],"5":[0,0],"6":[0,0],"7":[0,0],"8":[0,0],"9":[0,0,0],"10":[0,0],"11":[0,0],"12":[0,0],"13":[0,0],"14":[0,0],"15":[0,0],"16":[0,0],"17":[0,0],"18":[0,0],"19":[0,0],"20":[0,0],"21":[0,0],"22":[0,0],"23":[0,0],"24":[0,0],"25":[0,0],"26":[0,0],"27":[0,0],"28":[0,0],"29":[0,0],"30":[0,0],"31":[0,0],"32":[0,0],"33":[0,0],"34":[0,0],"35":[0,0],"36":[0,0],"37":[0,0],"38":[0,0],"39":[0,0],"40":[0,0],"41":[0,0],"42":[0,0],"43":[0,0],"44":[0,0],"45":[0,0],"46":[0,0],"47":[0,0],"48":[0,0],"49":[0,0],"50":[0,0],"51":[0,0],"52":[0,0],"53":[0,0],"54":[1,1],"55":[1,0],"56":[1,1],"57":[0,0],"58":[0,0,0],"59":[0,0]},"f":{"1":1,"2":1,"3":0,"4":0,"5":0,"6":0,"7":0,"8":0,"9":0,"10":0,"11":0,"12":0,"13":0,"14":0,"15":0,"16":0},"fnMap":{"1":{"name":"(anonymous_1)","line":1,"loc":{"start":{"line":1,"column":1},"end":{"line":1,"column":17}}},"2":{"name":"(anonymous_2)","line":20,"loc":{"start":{"line":20,"column":12},"end":{"line":20,"column":24}}},"3":{"name":"get_date_offset","line":67,"loc":{"start":{"line":67,"column":26},"end":{"line":67,"column":57}}},"4":{"name":"lookup_key","line":83,"loc":{"start":{"line":83,"column":21},"end":{"line":83,"column":43}}},"5":{"name":"get_from_internationalization_api","line":102,"loc":{"start":{"line":102,"column":44},"end":{"line":102,"column":89}}},"6":{"name":"dst_dates","line":132,"loc":{"start":{"line":132,"column":20},"end":{"line":132,"column":45}}},"7":{"name":"find_dst_fold","line":179,"loc":{"start":{"line":179,"column":24},"end":{"line":179,"column":74}}},"8":{"name":"windows7_adaptions","line":214,"loc":{"start":{"line":214,"column":31},"end":{"line":214,"column":107}}},"9":{"name":"best_dst_match","line":281,"loc":{"start":{"line":281,"column":25},"end":{"line":281,"column":82}}},"10":{"name":"score_sample","line":282,"loc":{"start":{"line":282,"column":31},"end":{"line":282,"column":61}}},"11":{"name":"get_by_dst","line":354,"loc":{"start":{"line":354,"column":21},"end":{"line":354,"column":63}}},"12":{"name":"get_rules","line":355,"loc":{"start":{"line":355,"column":28},"end":{"line":355,"column":49}}},"13":{"name":"check_has_dst","line":363,"loc":{"start":{"line":363,"column":32},"end":{"line":363,"column":62}}},"14":{"name":"determine","line":388,"loc":{"start":{"line":388,"column":20},"end":{"line":388,"column":41}}},"15":{"name":"(anonymous_15)","line":400,"loc":{"start":{"line":400,"column":22},"end":{"line":400,"column":34}}},"16":{"name":"(anonymous_16)","line":1423,"loc":{"start":{"line":1423,"column":15},"end":{"line":1423,"column":26}}}},"statementMap":{"1":{"start":{"line":1,"column":0},"end":{"line":1433,"column":5}},"2":{"start":{"line":20,"column":0},"end":{"line":409,"column":5}},"3":{"start":{"line":22,"column":4},"end":{"line":404,"column":10}},"4":{"start":{"line":68,"column":12},"end":{"line":68,"column":51}},"5":{"start":{"line":69,"column":12},"end":{"line":69,"column":50}},"6":{"start":{"line":84,"column":12},"end":{"line":86,"column":52}},"7":{"start":{"line":88,"column":12},"end":{"line":92,"column":13}},"8":{"start":{"line":89,"column":16},"end":{"line":89,"column":45}},"9":{"start":{"line":90,"column":19},"end":{"line":92,"column":13}},"10":{"start":{"line":91,"column":16},"end":{"line":91,"column":62}},"11":{"start":{"line":94,"column":12},"end":{"line":94,"column":41}},"12":{"start":{"line":103,"column":12},"end":{"line":103,"column":33}},"13":{"start":{"line":104,"column":12},"end":{"line":106,"column":13}},"14":{"start":{"line":105,"column":16},"end":{"line":105,"column":23}},"15":{"start":{"line":108,"column":12},"end":{"line":108,"column":43}},"16":{"start":{"line":110,"column":12},"end":{"line":112,"column":13}},"17":{"start":{"line":111,"column":16},"end":{"line":111,"column":23}},"18":{"start":{"line":114,"column":12},"end":{"line":114,"column":57}},"19":{"start":{"line":116,"column":12},"end":{"line":118,"column":13}},"20":{"start":{"line":117,"column":16},"end":{"line":117,"column":32}},"21":{"start":{"line":133,"column":12},"end":{"line":133,"column":71}},"22":{"start":{"line":134,"column":12},"end":{"line":134,"column":71}},"23":{"start":{"line":135,"column":12},"end":{"line":135,"column":36}},"24":{"start":{"line":136,"column":12},"end":{"line":136,"column":65}},"25":{"start":{"line":137,"column":12},"end":{"line":137,"column":33}},"26":{"start":{"line":138,"column":12},"end":{"line":138,"column":31}},"27":{"start":{"line":140,"column":12},"end":{"line":155,"column":13}},"28":{"start":{"line":141,"column":16},"end":{"line":141,"column":52}},"29":{"start":{"line":142,"column":16},"end":{"line":142,"column":72}},"30":{"start":{"line":144,"column":16},"end":{"line":152,"column":17}},"31":{"start":{"line":145,"column":20},"end":{"line":147,"column":21}},"32":{"start":{"line":146,"column":24},"end":{"line":146,"column":48}},"33":{"start":{"line":148,"column":20},"end":{"line":150,"column":21}},"34":{"start":{"line":149,"column":24},"end":{"line":149,"column":46}},"35":{"start":{"line":151,"column":20},"end":{"line":151,"column":47}},"36":{"start":{"line":154,"column":16},"end":{"line":154,"column":36}},"37":{"start":{"line":157,"column":12},"end":{"line":162,"column":13}},"38":{"start":{"line":158,"column":16},"end":{"line":161,"column":18}},"39":{"start":{"line":164,"column":12},"end":{"line":164,"column":25}},"40":{"start":{"line":180,"column":12},"end":{"line":183,"column":13}},"41":{"start":{"line":181,"column":16},"end":{"line":181,"column":37}},"42":{"start":{"line":182,"column":16},"end":{"line":182,"column":39}},"43":{"start":{"line":185,"column":12},"end":{"line":185,"column":76}},"44":{"start":{"line":186,"column":12},"end":{"line":186,"column":54}},"45":{"start":{"line":187,"column":12},"end":{"line":187,"column":66}},"46":{"start":{"line":189,"column":12},"end":{"line":189,"column":37}},"47":{"start":{"line":191,"column":12},"end":{"line":191,"column":34}},"48":{"start":{"line":192,"column":12},"end":{"line":201,"column":13}},"49":{"start":{"line":193,"column":16},"end":{"line":193,"column":52}},"50":{"start":{"line":194,"column":16},"end":{"line":194,"column":72}},"51":{"start":{"line":196,"column":16},"end":{"line":199,"column":17}},"52":{"start":{"line":197,"column":20},"end":{"line":197,"column":45}},"53":{"start":{"line":198,"column":20},"end":{"line":198,"column":26}},"54":{"start":{"line":200,"column":16},"end":{"line":200,"column":36}},"55":{"start":{"line":203,"column":12},"end":{"line":205,"column":13}},"56":{"start":{"line":204,"column":16},"end":{"line":204,"column":77}},"57":{"start":{"line":207,"column":12},"end":{"line":209,"column":13}},"58":{"start":{"line":208,"column":16},"end":{"line":208,"column":79}},"59":{"start":{"line":211,"column":12},"end":{"line":211,"column":30}},"60":{"start":{"line":215,"column":12},"end":{"line":217,"column":13}},"61":{"start":{"line":216,"column":16},"end":{"line":216,"column":29}},"62":{"start":{"line":218,"column":12},"end":{"line":252,"column":13}},"63":{"start":{"line":219,"column":16},"end":{"line":223,"column":17}},"64":{"start":{"line":220,"column":20},"end":{"line":222,"column":21}},"65":{"start":{"line":221,"column":24},"end":{"line":221,"column":33}},"66":{"start":{"line":224,"column":16},"end":{"line":228,"column":13}},"67":{"start":{"line":225,"column":20},"end":{"line":227,"column":17}},"68":{"start":{"line":226,"column":24},"end":{"line":226,"column":33}},"69":{"start":{"line":229,"column":19},"end":{"line":252,"column":13}},"70":{"start":{"line":230,"column":16},"end":{"line":234,"column":17}},"71":{"start":{"line":231,"column":20},"end":{"line":233,"column":21}},"72":{"start":{"line":232,"column":24},"end":{"line":232,"column":33}},"73":{"start":{"line":235,"column":16},"end":{"line":239,"column":17}},"74":{"start":{"line":236,"column":20},"end":{"line":238,"column":21}},"75":{"start":{"line":237,"column":24},"end":{"line":237,"column":33}},"76":{"start":{"line":240,"column":19},"end":{"line":252,"column":13}},"77":{"start":{"line":241,"column":16},"end":{"line":245,"column":17}},"78":{"start":{"line":242,"column":20},"end":{"line":244,"column":21}},"79":{"start":{"line":243,"column":24},"end":{"line":243,"column":33}},"80":{"start":{"line":246,"column":19},"end":{"line":252,"column":13}},"81":{"start":{"line":247,"column":16},"end":{"line":251,"column":17}},"82":{"start":{"line":248,"column":20},"end":{"line":250,"column":21}},"83":{"start":{"line":249,"column":24},"end":{"line":249,"column":33}},"84":{"start":{"line":254,"column":12},"end":{"line":254,"column":25}},"85":{"start":{"line":282,"column":12},"end":{"line":313,"column":14}},"86":{"start":{"line":283,"column":16},"end":{"line":283,"column":30}},"87":{"start":{"line":285,"column":16},"end":{"line":308,"column":17}},"88":{"start":{"line":288,"column":20},"end":{"line":307,"column":21}},"89":{"start":{"line":291,"column":24},"end":{"line":300,"column":25}},"90":{"start":{"line":292,"column":28},"end":{"line":292,"column":38}},"91":{"start":{"line":293,"column":28},"end":{"line":293,"column":82}},"92":{"start":{"line":294,"column":28},"end":{"line":294,"column":82}},"93":{"start":{"line":298,"column":28},"end":{"line":298,"column":42}},"94":{"start":{"line":299,"column":28},"end":{"line":299,"column":34}},"95":{"start":{"line":303,"column":24},"end":{"line":306,"column":25}},"96":{"start":{"line":304,"column":28},"end":{"line":304,"column":42}},"97":{"start":{"line":305,"column":28},"end":{"line":305,"column":34}},"98":{"start":{"line":310,"column":16},"end":{"line":310,"column":93}},"99":{"start":{"line":312,"column":16},"end":{"line":312,"column":29}},"100":{"start":{"line":314,"column":12},"end":{"line":314,"column":32}},"101":{"start":{"line":315,"column":12},"end":{"line":315,"column":55}},"102":{"start":{"line":316,"column":12},"end":{"line":316,"column":52}},"103":{"start":{"line":317,"column":12},"end":{"line":317,"column":71}},"104":{"start":{"line":319,"column":12},"end":{"line":326,"column":13}},"105":{"start":{"line":320,"column":16},"end":{"line":320,"column":42}},"106":{"start":{"line":321,"column":16},"end":{"line":321,"column":55}},"107":{"start":{"line":323,"column":16},"end":{"line":325,"column":17}},"108":{"start":{"line":324,"column":20},"end":{"line":324,"column":52}},"109":{"start":{"line":328,"column":12},"end":{"line":336,"column":13}},"110":{"start":{"line":329,"column":16},"end":{"line":335,"column":17}},"111":{"start":{"line":330,"column":20},"end":{"line":334,"column":21}},"112":{"start":{"line":331,"column":24},"end":{"line":333,"column":25}},"113":{"start":{"line":332,"column":28},"end":{"line":332,"column":38}},"114":{"start":{"line":338,"column":12},"end":{"line":338,"column":40}},"115":{"start":{"line":355,"column":12},"end":{"line":362,"column":14}},"116":{"start":{"line":356,"column":16},"end":{"line":356,"column":35}},"117":{"start":{"line":357,"column":16},"end":{"line":360,"column":17}},"118":{"start":{"line":358,"column":20},"end":{"line":358,"column":78}},"119":{"start":{"line":359,"column":20},"end":{"line":359,"column":47}},"120":{"start":{"line":361,"column":16},"end":{"line":361,"column":33}},"121":{"start":{"line":363,"column":12},"end":{"line":370,"column":14}},"122":{"start":{"line":364,"column":16},"end":{"line":368,"column":17}},"123":{"start":{"line":365,"column":20},"end":{"line":367,"column":21}},"124":{"start":{"line":366,"column":24},"end":{"line":366,"column":36}},"125":{"start":{"line":369,"column":16},"end":{"line":369,"column":29}},"126":{"start":{"line":371,"column":12},"end":{"line":371,"column":36}},"127":{"start":{"line":372,"column":12},"end":{"line":372,"column":47}},"128":{"start":{"line":374,"column":12},"end":{"line":376,"column":13}},"129":{"start":{"line":375,"column":16},"end":{"line":375,"column":67}},"130":{"start":{"line":378,"column":12},"end":{"line":378,"column":40}},"131":{"start":{"line":389,"column":12},"end":{"line":389,"column":69}},"132":{"start":{"line":391,"column":12},"end":{"line":397,"column":13}},"133":{"start":{"line":392,"column":16},"end":{"line":392,"column":68}},"134":{"start":{"line":394,"column":16},"end":{"line":396,"column":17}},"135":{"start":{"line":395,"column":20},"end":{"line":395,"column":64}},"136":{"start":{"line":399,"column":12},"end":{"line":403,"column":14}},"137":{"start":{"line":401,"column":20},"end":{"line":401,"column":42}},"138":{"start":{"line":406,"column":4},"end":{"line":408,"column":6}},"139":{"start":{"line":412,"column":0},"end":{"line":412,"column":30}},"140":{"start":{"line":428,"column":0},"end":{"line":501,"column":2}},"141":{"start":{"line":504,"column":0},"end":{"line":1419,"column":2}},"142":{"start":{"line":1420,"column":0},"end":{"line":1432,"column":1}},"143":{"start":{"line":1421,"column":4},"end":{"line":1421,"column":26}},"144":{"start":{"line":1422,"column":7},"end":{"line":1432,"column":1}},"145":{"start":{"line":1423,"column":4},"end":{"line":1425,"column":7}},"146":{"start":{"line":1424,"column":8},"end":{"line":1424,"column":20}},"147":{"start":{"line":1427,"column":4},"end":{"line":1431,"column":5}},"148":{"start":{"line":1428,"column":8},"end":{"line":1428,"column":27}},"149":{"start":{"line":1430,"column":8},"end":{"line":1430,"column":25}}},"branchMap":{"1":{"line":69,"type":"cond-expr","locations":[{"start":{"line":69,"column":38},"end":{"line":69,"column":44}},{"start":{"line":69,"column":47},"end":{"line":69,"column":48}}]},"2":{"line":88,"type":"if","locations":[{"start":{"line":88,"column":12},"end":{"line":88,"column":12}},{"start":{"line":88,"column":12},"end":{"line":88,"column":12}}]},"3":{"line":90,"type":"if","locations":[{"start":{"line":90,"column":19},"end":{"line":90,"column":19}},{"start":{"line":90,"column":19},"end":{"line":90,"column":19}}]},"4":{"line":104,"type":"if","locations":[{"start":{"line":104,"column":12},"end":{"line":104,"column":12}},{"start":{"line":104,"column":12},"end":{"line":104,"column":12}}]},"5":{"line":104,"type":"binary-expr","locations":[{"start":{"line":104,"column":16},"end":{"line":104,"column":43}},{"start":{"line":104,"column":47},"end":{"line":104,"column":89}}]},"6":{"line":110,"type":"if","locations":[{"start":{"line":110,"column":12},"end":{"line":110,"column":12}},{"start":{"line":110,"column":12},"end":{"line":110,"column":12}}]},"7":{"line":110,"type":"binary-expr","locations":[{"start":{"line":110,"column":16},"end":{"line":110,"column":45}},{"start":{"line":110,"column":49},"end":{"line":110,"column":94}}]},"8":{"line":116,"type":"if","locations":[{"start":{"line":116,"column":12},"end":{"line":116,"column":12}},{"start":{"line":116,"column":12},"end":{"line":116,"column":12}}]},"9":{"line":116,"type":"binary-expr","locations":[{"start":{"line":116,"column":16},"end":{"line":116,"column":24}},{"start":{"line":116,"column":29},"end":{"line":116,"column":55}},{"start":{"line":116,"column":59},"end":{"line":116,"column":77}}]},"10":{"line":144,"type":"if","locations":[{"start":{"line":144,"column":16},"end":{"line":144,"column":16}},{"start":{"line":144,"column":16},"end":{"line":144,"column":16}}]},"11":{"line":145,"type":"if","locations":[{"start":{"line":145,"column":20},"end":{"line":145,"column":20}},{"start":{"line":145,"column":20},"end":{"line":145,"column":20}}]},"12":{"line":148,"type":"if","locations":[{"start":{"line":148,"column":20},"end":{"line":148,"column":20}},{"start":{"line":148,"column":20},"end":{"line":148,"column":20}}]},"13":{"line":157,"type":"if","locations":[{"start":{"line":157,"column":12},"end":{"line":157,"column":12}},{"start":{"line":157,"column":12},"end":{"line":157,"column":12}}]},"14":{"line":157,"type":"binary-expr","locations":[{"start":{"line":157,"column":16},"end":{"line":157,"column":25}},{"start":{"line":157,"column":29},"end":{"line":157,"column":36}}]},"15":{"line":180,"type":"if","locations":[{"start":{"line":180,"column":12},"end":{"line":180,"column":12}},{"start":{"line":180,"column":12},"end":{"line":180,"column":12}}]},"16":{"line":196,"type":"if","locations":[{"start":{"line":196,"column":16},"end":{"line":196,"column":16}},{"start":{"line":196,"column":16},"end":{"line":196,"column":16}}]},"17":{"line":203,"type":"if","locations":[{"start":{"line":203,"column":12},"end":{"line":203,"column":12}},{"start":{"line":203,"column":12},"end":{"line":203,"column":12}}]},"18":{"line":207,"type":"if","locations":[{"start":{"line":207,"column":12},"end":{"line":207,"column":12}},{"start":{"line":207,"column":12},"end":{"line":207,"column":12}}]},"19":{"line":215,"type":"if","locations":[{"start":{"line":215,"column":12},"end":{"line":215,"column":12}},{"start":{"line":215,"column":12},"end":{"line":215,"column":12}}]},"20":{"line":218,"type":"if","locations":[{"start":{"line":218,"column":12},"end":{"line":218,"column":12}},{"start":{"line":218,"column":12},"end":{"line":218,"column":12}}]},"21":{"line":219,"type":"if","locations":[{"start":{"line":219,"column":16},"end":{"line":219,"column":16}},{"start":{"line":219,"column":16},"end":{"line":219,"column":16}}]},"22":{"line":220,"type":"if","locations":[{"start":{"line":220,"column":20},"end":{"line":220,"column":20}},{"start":{"line":220,"column":20},"end":{"line":220,"column":20}}]},"23":{"line":220,"type":"binary-expr","locations":[{"start":{"line":220,"column":24},"end":{"line":220,"column":56}},{"start":{"line":220,"column":60},"end":{"line":220,"column":92}}]},"24":{"line":224,"type":"if","locations":[{"start":{"line":224,"column":16},"end":{"line":224,"column":16}},{"start":{"line":224,"column":16},"end":{"line":224,"column":16}}]},"25":{"line":225,"type":"if","locations":[{"start":{"line":225,"column":20},"end":{"line":225,"column":20}},{"start":{"line":225,"column":20},"end":{"line":225,"column":20}}]},"26":{"line":225,"type":"binary-expr","locations":[{"start":{"line":225,"column":24},"end":{"line":225,"column":56}},{"start":{"line":225,"column":60},"end":{"line":225,"column":92}}]},"27":{"line":229,"type":"if","locations":[{"start":{"line":229,"column":19},"end":{"line":229,"column":19}},{"start":{"line":229,"column":19},"end":{"line":229,"column":19}}]},"28":{"line":230,"type":"if","locations":[{"start":{"line":230,"column":16},"end":{"line":230,"column":16}},{"start":{"line":230,"column":16},"end":{"line":230,"column":16}}]},"29":{"line":231,"type":"if","locations":[{"start":{"line":231,"column":20},"end":{"line":231,"column":20}},{"start":{"line":231,"column":20},"end":{"line":231,"column":20}}]},"30":{"line":231,"type":"binary-expr","locations":[{"start":{"line":231,"column":24},"end":{"line":231,"column":56}},{"start":{"line":231,"column":60},"end":{"line":231,"column":92}}]},"31":{"line":235,"type":"if","locations":[{"start":{"line":235,"column":16},"end":{"line":235,"column":16}},{"start":{"line":235,"column":16},"end":{"line":235,"column":16}}]},"32":{"line":236,"type":"if","locations":[{"start":{"line":236,"column":20},"end":{"line":236,"column":20}},{"start":{"line":236,"column":20},"end":{"line":236,"column":20}}]},"33":{"line":236,"type":"binary-expr","locations":[{"start":{"line":236,"column":24},"end":{"line":236,"column":56}},{"start":{"line":236,"column":60},"end":{"line":236,"column":92}}]},"34":{"line":240,"type":"if","locations":[{"start":{"line":240,"column":19},"end":{"line":240,"column":19}},{"start":{"line":240,"column":19},"end":{"line":240,"column":19}}]},"35":{"line":241,"type":"if","locations":[{"start":{"line":241,"column":16},"end":{"line":241,"column":16}},{"start":{"line":241,"column":16},"end":{"line":241,"column":16}}]},"36":{"line":242,"type":"if","locations":[{"start":{"line":242,"column":20},"end":{"line":242,"column":20}},{"start":{"line":242,"column":20},"end":{"line":242,"column":20}}]},"37":{"line":242,"type":"binary-expr","locations":[{"start":{"line":242,"column":24},"end":{"line":242,"column":56}},{"start":{"line":242,"column":60},"end":{"line":242,"column":92}}]},"38":{"line":246,"type":"if","locations":[{"start":{"line":246,"column":19},"end":{"line":246,"column":19}},{"start":{"line":246,"column":19},"end":{"line":246,"column":19}}]},"39":{"line":247,"type":"if","locations":[{"start":{"line":247,"column":16},"end":{"line":247,"column":16}},{"start":{"line":247,"column":16},"end":{"line":247,"column":16}}]},"40":{"line":248,"type":"if","locations":[{"start":{"line":248,"column":20},"end":{"line":248,"column":20}},{"start":{"line":248,"column":20},"end":{"line":248,"column":20}}]},"41":{"line":248,"type":"binary-expr","locations":[{"start":{"line":248,"column":24},"end":{"line":248,"column":56}},{"start":{"line":248,"column":60},"end":{"line":248,"column":92}}]},"42":{"line":288,"type":"if","locations":[{"start":{"line":288,"column":20},"end":{"line":288,"column":20}},{"start":{"line":288,"column":20},"end":{"line":288,"column":20}}]},"43":{"line":288,"type":"binary-expr","locations":[{"start":{"line":288,"column":24},"end":{"line":288,"column":41}},{"start":{"line":288,"column":45},"end":{"line":288,"column":59}}]},"44":{"line":291,"type":"if","locations":[{"start":{"line":291,"column":24},"end":{"line":291,"column":24}},{"start":{"line":291,"column":24},"end":{"line":291,"column":24}}]},"45":{"line":291,"type":"binary-expr","locations":[{"start":{"line":291,"column":28},"end":{"line":291,"column":63}},{"start":{"line":291,"column":67},"end":{"line":291,"column":102}}]},"46":{"line":303,"type":"if","locations":[{"start":{"line":303,"column":24},"end":{"line":303,"column":24}},{"start":{"line":303,"column":24},"end":{"line":303,"column":24}}]},"47":{"line":323,"type":"if","locations":[{"start":{"line":323,"column":16},"end":{"line":323,"column":16}},{"start":{"line":323,"column":16},"end":{"line":323,"column":16}}]},"48":{"line":329,"type":"if","locations":[{"start":{"line":329,"column":16},"end":{"line":329,"column":16}},{"start":{"line":329,"column":16},"end":{"line":329,"column":16}}]},"49":{"line":331,"type":"if","locations":[{"start":{"line":331,"column":24},"end":{"line":331,"column":24}},{"start":{"line":331,"column":24},"end":{"line":331,"column":24}}]},"50":{"line":365,"type":"if","locations":[{"start":{"line":365,"column":20},"end":{"line":365,"column":20}},{"start":{"line":365,"column":20},"end":{"line":365,"column":20}}]},"51":{"line":374,"type":"if","locations":[{"start":{"line":374,"column":12},"end":{"line":374,"column":12}},{"start":{"line":374,"column":12},"end":{"line":374,"column":12}}]},"52":{"line":391,"type":"if","locations":[{"start":{"line":391,"column":12},"end":{"line":391,"column":12}},{"start":{"line":391,"column":12},"end":{"line":391,"column":12}}]},"53":{"line":394,"type":"if","locations":[{"start":{"line":394,"column":16},"end":{"line":394,"column":16}},{"start":{"line":394,"column":16},"end":{"line":394,"column":16}}]},"54":{"line":412,"type":"binary-expr","locations":[{"start":{"line":412,"column":13},"end":{"line":412,"column":23}},{"start":{"line":412,"column":27},"end":{"line":412,"column":29}}]},"55":{"line":1420,"type":"if","locations":[{"start":{"line":1420,"column":0},"end":{"line":1420,"column":0}},{"start":{"line":1420,"column":0},"end":{"line":1420,"column":0}}]},"56":{"line":1420,"type":"binary-expr","locations":[{"start":{"line":1420,"column":4},"end":{"line":1420,"column":33}},{"start":{"line":1420,"column":37},"end":{"line":1420,"column":74}}]},"57":{"line":1422,"type":"if","locations":[{"start":{"line":1422,"column":7},"end":{"line":1422,"column":7}},{"start":{"line":1422,"column":7},"end":{"line":1422,"column":7}}]},"58":{"line":1422,"type":"binary-expr","locations":[{"start":{"line":1422,"column":12},"end":{"line":1422,"column":41}},{"start":{"line":1422,"column":45},"end":{"line":1422,"column":60}},{"start":{"line":1422,"column":66},"end":{"line":1422,"column":84}}]},"59":{"line":1427,"type":"if","locations":[{"start":{"line":1427,"column":4},"end":{"line":1427,"column":4}},{"start":{"line":1427,"column":4},"end":{"line":1427,"column":4}}]}},"code":["(function (root) {/*global exports, Intl*/","/**"," * This script gives you the zone info key representing your device's time zone setting."," *"," * @name jsTimezoneDetect"," * @version 1.0.6"," * @author Jon Nylander"," * @license MIT License - https://bitbucket.org/pellepim/jstimezonedetect/src/default/LICENCE.txt"," *"," * For usage and examples, visit:"," * http://pellepim.bitbucket.org/jstz/"," *"," * Copyright (c) Jon Nylander"," */","","","/**"," * Namespace to hold all the code for timezone detection."," */","var jstz = (function () {","    'use strict';","    var HEMISPHERE_SOUTH = 's',","","        consts = {","            DAY: 86400000,","            HOUR: 3600000,","            MINUTE: 60000,","            SECOND: 1000,","            BASELINE_YEAR: 2014,","            MAX_SCORE: 864000000, // 10 days","            AMBIGUITIES: {","                'America/Denver':       ['America/Mazatlan'],","                'Europe/London':        ['Africa/Casablanca'],","                'America/Chicago':      ['America/Mexico_City'],","                'America/Asuncion':     ['America/Campo_Grande', 'America/Santiago'],","                'America/Montevideo':   ['America/Sao_Paulo', 'America/Santiago'],","                // Europe/Minsk should not be in this list... but Windows.","                'Asia/Beirut':          ['Asia/Amman', 'Asia/Jerusalem', 'Europe/Helsinki', 'Asia/Damascus', 'Africa/Cairo', 'Asia/Gaza', 'Europe/Minsk'],","                'Pacific/Auckland':     ['Pacific/Fiji'],","                'America/Los_Angeles':  ['America/Santa_Isabel'],","                'America/New_York':     ['America/Havana'],","                'America/Halifax':      ['America/Goose_Bay'],","                'America/Godthab':      ['America/Miquelon'],","                'Asia/Dubai':           ['Asia/Yerevan'],","                'Asia/Jakarta':         ['Asia/Krasnoyarsk'],","                'Asia/Shanghai':        ['Asia/Irkutsk', 'Australia/Perth'],","                'Australia/Sydney':     ['Australia/Lord_Howe'],","                'Asia/Tokyo':           ['Asia/Yakutsk'],","                'Asia/Dhaka':           ['Asia/Omsk'],","                // In the real world Yerevan is not ambigous for Baku... but Windows.","                'Asia/Baku':            ['Asia/Yerevan'],","                'Australia/Brisbane':   ['Asia/Vladivostok'],","                'Pacific/Noumea':       ['Asia/Vladivostok'],","                'Pacific/Majuro':       ['Asia/Kamchatka', 'Pacific/Fiji'],","                'Pacific/Tongatapu':    ['Pacific/Apia'],","                'Asia/Baghdad':         ['Europe/Minsk', 'Europe/Moscow'],","                'Asia/Karachi':         ['Asia/Yekaterinburg'],","                'Africa/Johannesburg':  ['Asia/Gaza', 'Africa/Cairo']","            }","        },","","        /**","         * Gets the offset in minutes from UTC for a certain date.","         * @param {Date} date","         * @returns {Number}","         */","        get_date_offset = function get_date_offset(date) {","            var offset = -date.getTimezoneOffset();","            return (offset !== null ? offset : 0);","        },","","        /**","         * This function does some basic calculations to create information about","         * the user's timezone. It uses REFERENCE_YEAR as a solid year for which","         * the script has been tested rather than depend on the year set by the","         * client device.","         *","         * Returns a key that can be used to do lookups in jstz.olson.timezones.","         * eg: \"720,1,2\".","         *","         * @returns {String}","         */","        lookup_key = function lookup_key() {","            var january_offset = get_date_offset(new Date(consts.BASELINE_YEAR, 0, 2)),","                june_offset = get_date_offset(new Date(consts.BASELINE_YEAR, 5, 2)),","                diff = january_offset - june_offset;","","            if (diff < 0) {","                return january_offset + \",1\";","            } else if (diff > 0) {","                return june_offset + \",1,\" + HEMISPHERE_SOUTH;","            }","","            return january_offset + \",0\";","        },","","","        /**","         * Tries to get the time zone key directly from the operating system for those","         * environments that support the ECMAScript Internationalization API.","         */","        get_from_internationalization_api = function get_from_internationalization_api() {","            var format, timezone;","            if (typeof Intl === \"undefined\" || typeof Intl.DateTimeFormat === \"undefined\") {","                return;","            }",
[...]
         },","                {","                    \"e\": 1383451200000,","                    \"s\": 1362891600000","                },","                {","                    \"e\": 1414900800000,","                    \"s\": 1394341200000","                }","            ]","        },","        {","            \"name\": \"America/Santa_Isabel\",","            \"rules\": [","                {","                    \"e\": 1225011600000,","                    \"s\": 1207476000000","                },","                {","                    \"e\": 1256461200000,","                    \"s\": 1238925600000","                },","                {","                    \"e\": 1288515600000,","                    \"s\": 1270375200000","                },","                {","                    \"e\": 1319965200000,","                    \"s\": 1301824800000","                },","                {","                    \"e\": 1351414800000,","                    \"s\": 1333274400000","                },","                {","                    \"e\": 1382864400000,","                    \"s\": 1365328800000","                },","                {","                    \"e\": 1414314000000,","                    \"s\": 1396778400000","                }","            ]","        },","        {","            \"name\": \"America/Santiago\",","            \"rules\": [","                {","                    \"e\": 1206846000000,","                    \"s\": 1223784000000","                },","                {","                    \"e\": 1237086000000,","                    \"s\": 1255233600000","                },","                {","                    \"e\": 1270350000000,","                    \"s\": 1286683200000","                },","                {","                    \"e\": 1304823600000,","                    \"s\": 1313899200000","                },","                {","                    \"e\": 1335668400000,","                    \"s\": 1346558400000","                },","                {","                    \"e\": 1367118000000,","                    \"s\": 1378612800000","                },","                {","                    \"e\": 1398567600000,","                    \"s\": 1410062400000","                }","            ]","        },","        {","            \"name\": \"America/Sao_Paulo\",","            \"rules\": [","                {","                    \"e\": 1203213600000,","                    \"s\": 1224385200000","                },","                {","                    \"e\": 1234663200000,","                    \"s\": 1255834800000","                },","                {","                    \"e\": 1266717600000,","                    \"s\": 1287284400000","                },","                {","                    \"e\": 1298167200000,","                    \"s\": 1318734000000","                },","                {","                    \"e\": 1330221600000,","                    \"s\": 1350788400000","                },","                {","                    \"e\": 1361066400000,","                    \"s\": 1382238000000","                },","                {","                    \"e\": 1392516000000,","                    \"s\": 1413687600000","                }","            ]","        },","        {","            \"name\": \"Asia/Amman\",","            \"rules\": [","                {","                    \"e\": 1225404000000,","                    \"s\": 1206655200000","                },","                {","                    \"e\": 1256853600000,","                    \"s\": 1238104800000","                },","                {","                    \"e\": 1288303200000,","                    \"s\": 1269554400000","                },","                {","                    \"e\": 1319752800000,","                    \"s\": 1301608800000","                },","                false,","                false,","                {","                    \"e\": 1414706400000,","                    \"s\": 1395957600000","                }","            ]","        },","        {","            \"name\": \"Asia/Damascus\",","            \"rules\": [","                {","                    \"e\": 1225486800000,","                    \"s\": 1207260000000","                },","                {","                    \"e\": 1256850000000,","                    \"s\": 1238104800000","                },","                {","                    \"e\": 1288299600000,","                    \"s\": 1270159200000","                },","                {","                    \"e\": 1319749200000,","                    \"s\": 1301608800000","                },","                {","                    \"e\": 1351198800000,","                    \"s\": 1333058400000","                },","                {","                    \"e\": 1382648400000,","                    \"s\": 1364508000000","                },","                {","                    \"e\": 1414702800000,","                    \"s\": 1395957600000","                }","            ]","        },","        {","            \"name\": \"Asia/Dubai\",","            \"rules\": [","                false,","                false,","                false,","                false,","                false,","                false,","                false","            ]","        },","        {","            \"name\": \"Asia/Gaza\",","            \"rules\": [","                {","                    \"e\": 1219957200000,","                    \"s\": 1206655200000","                },","                {","                    \"e\": 1252015200000,","                    \"s\": 1238104800000","                },","                {","                    \"e\": 1281474000000,","                    \"s\": 1269640860000","                },","                {","                    \"e\": 1312146000000,","                    \"s\": 1301608860000","                },","                {","                    \"e\": 1348178400000,","                    \"s\": 1333058400000","                },","                {","                    \"e\": 1380229200000,","                    \"s\": 1364508000000","                },","                {","                    \"e\": 1414098000000,","                    \"s\": 1395957600000","                }","            ]","        },","        {","            \"name\": \"Asia/Irkutsk\",","            \"rules\": [","                {","                    \"e\": 1224957600000,","                    \"s\": 1206813600000","                },","                {","                    \"e\": 1256407200000,","                    \"s\": 1238263200000","                },","                {","                    \"e\": 1288461600000,","                    \"s\": 1269712800000","                },","                false,","                false,","                false,","                false","            ]","        },","        {","            \"name\": \"Asia/Jerusalem\",","            \"rules\": [","                {","                    \"e\": 1223161200000,","                    \"s\": 1206662400000","                },","                {","                    \"e\": 1254006000000,","                    \"s\": 1238112000000","                },","                {","                    \"e\": 1284246000000,","                    \"s\": 1269561600000","                },","                {","                    \"e\": 1317510000000,","                    \"s\": 1301616000000","                },","                {","                    \"e\": 1348354800000,","                    \"s\": 1333065600000","                },","                {","                    \"e\": 1382828400000,","                    \"s\": 1364515200000","                },","                {","                    \"e\": 1414278000000,","                    \"s\": 1395964800000","                }","            ]","        },","        {","            \"name\": \"Asia/Kamchatka\",","            \"rules\": [","                {","                    \"e\": 1224943200000,","                    \"s\": 1206799200000","                },","                {","                    \"e\": 1256392800000,","                    \"s\": 1238248800000","                },","                {","                    \"e\": 1288450800000,","                    \"s\": 1269698400000","                },","                false,","                false,","                false,","                false","            ]","        },","        {","            \"name\": \"Asia/Krasnoyarsk\",","            \"rules\": [","                {","                    \"e\": 1224961200000,","                    \"s\": 1206817200000","                },","                {","                    \"e\": 1256410800000,","                    \"s\": 1238266800000","                },","                {","                    \"e\": 1288465200000,","                    \"s\": 1269716400000","                },","                false,","                false,","                false,","                false","            ]","        },","        {","            \"name\": \"Asia/Omsk\",","            \"rules\": [","                {","                    \"e\": 1224964800000,","                    \"s\": 1206820800000","                },","                {","                    \"e\": 1256414400000,","                    \"s\": 1238270400000","                },","                {","                    \"e\": 1288468800000,","                    \"s\": 1269720000000","                },","                false,","                false,","                false,","                false","            ]","        },","        {","            \"name\": \"Asia/Vladivostok\",","            \"rules\": [","                {","                    \"e\": 1224950400000,","                    \"s\": 1206806400000","                },","                {","                    \"e\": 1256400000000,","                    \"s\": 1238256000000","                },","                {","                    \"e\": 1288454400000,","                    \"s\": 1269705600000","                },","                false,","                false,","                false,","                false","            ]","        },","        {","            \"name\": \"Asia/Yakutsk\",","            \"rules\": [","                {","                    \"e\": 1224954000000,","                    \"s\": 1206810000000","                },","                {","                    \"e\": 1256403600000,","                    \"s\": 1238259600000","                },","                {","                    \"e\": 1288458000000,","                    \"s\": 1269709200000","                },","                false,","                false,","                false,","                false","            ]","        },","        {","            \"name\": \"Asia/Yekaterinburg\",","            \"rules\": [","                {","                    \"e\": 1224968400000,","                    \"s\": 1206824400000","                },","                {","                    \"e\": 1256418000000,","                    \"s\": 1238274000000","                },","                {","                    \"e\": 1288472400000,","                    \"s\": 1269723600000","                },","                false,","                false,","                false,","                false","            ]","        },","        {","            \"name\": \"Asia/Yerevan\",","            \"rules\": [","                {","                    \"e\": 1224972000000,","                    \"s\": 1206828000000","                },","                {","                    \"e\": 1256421600000,","                    \"s\": 1238277600000","                },","                {","                    \"e\": 1288476000000,","                    \"s\": 1269727200000","                },","                {","                    \"e\": 1319925600000,","                    \"s\": 1301176800000","                },","                false,","                false,","                false","            ]","        },","        {","            \"name\": \"Australia/Lord_Howe\",","            \"rules\": [","                {","                    \"e\": 1207407600000,","                    \"s\": 1223134200000","                },","                {","                    \"e\": 1238857200000,","                    \"s\": 1254583800000","                },","                {","                    \"e\": 1270306800000,","                    \"s\": 1286033400000","                },","                {","                    \"e\": 1301756400000,","                    \"s\": 1317483000000","                },","                {","                    \"e\": 1333206000000,","                    \"s\": 1349537400000","                },","                {","                    \"e\": 1365260400000,","                    \"s\": 1380987000000","                },","                {","                    \"e\": 1396710000000,","                    \"s\": 1412436600000","                }","            ]","        },","        {","            \"name\": \"Australia/Perth\",","            \"rules\": [","                {","                    \"e\": 1206813600000,","                    \"s\": 1224957600000","                },","                false,","                false,","                false,","                false,","                false,","                false","            ]","        },","        {","            \"name\": \"Europe/Helsinki\",","            \"rules\": [","                {","                    \"e\": 1224982800000,","                    \"s\": 1206838800000","                },","                {","                    \"e\": 1256432400000,","                    \"s\": 1238288400000","                },","                {","                    \"e\": 1288486800000,","                    \"s\": 1269738000000","                },","                {","                    \"e\": 1319936400000,","                    \"s\": 1301187600000","                },","                {","                    \"e\": 1351386000000,","                    \"s\": 1332637200000","                },","                {","                    \"e\": 1382835600000,","                    \"s\": 1364691600000","                },","                {","                    \"e\": 1414285200000,","                    \"s\": 1396141200000","                }","            ]","        },","        {","            \"name\": \"Europe/Minsk\",","            \"rules\": [","                {","                    \"e\": 1224979200000,","                    \"s\": 1206835200000","                },","                {","                    \"e\": 1256428800000,","                    \"s\": 1238284800000","                },","                {","                    \"e\": 1288483200000,","                    \"s\": 1269734400000","                },","                false,","                false,","                false,","                false","            ]","        },","        {","            \"name\": \"Europe/Moscow\",","            \"rules\": [","                {","                    \"e\": 1224975600000,","                    \"s\": 1206831600000","                },","                {","                    \"e\": 1256425200000,","                    \"s\": 1238281200000","                },","                {","                    \"e\": 1288479600000,","                    \"s\": 1269730800000","                },","                false,","                false,","                false,","                false","            ]","        },","        {","            \"name\": \"Pacific/Apia\",","            \"rules\": [","                false,","                false,","                false,","                {","                    \"e\": 1301752800000,","                    \"s\": 1316872800000","                },","                {","                    \"e\": 1333202400000,","                    \"s\": 1348927200000","                },","                {","                    \"e\": 1365256800000,","                    \"s\": 1380376800000","                },","                {","                    \"e\": 1396706400000,","                    \"s\": 1411826400000","                }","            ]","        },","        {","            \"name\": \"Pacific/Fiji\",","            \"rules\": [","                false,","                false,","                {","                    \"e\": 1269698400000,","                    \"s\": 1287842400000","                },","                {","                    \"e\": 1327154400000,","                    \"s\": 1319292000000","                },","                {","                    \"e\": 1358604000000,","                    \"s\": 1350741600000","                },","                {","                    \"e\": 1390050000000,","                    \"s\": 1382796000000","                },","                {","                    \"e\": 1421503200000,","                    \"s\": 1414850400000","                }","            ]","        },","        {","            \"name\": \"Europe/London\",","            \"rules\": [","                {","                    \"e\": 1224982800000,","                    \"s\": 1206838800000","                },","                {","                    \"e\": 1256432400000,","                    \"s\": 1238288400000","                },","                {","                    \"e\": 1288486800000,","                    \"s\": 1269738000000","                },","                {","                    \"e\": 1319936400000,","                    \"s\": 1301187600000","                },","                {","                    \"e\": 1351386000000,","                    \"s\": 1332637200000","                },","                {","                    \"e\": 1382835600000,","                    \"s\": 1364691600000","                },","                {","                    \"e\": 1414285200000,","                    \"s\": 1396141200000","                }","            ]","        }","    ]","};","if (typeof module !== 'undefined' && typeof module.exports !== 'undefined') {","    module.exports = jstz;","} else if ((typeof define !== 'undefined' && define !== null) && (define.amd != null)) {","    define([], function() {","        return jstz;","    });","} else {","    if (typeof root === 'undefined') {","        window.jstz = jstz;","    } else {","        root.jstz = jstz;","    }","}","}());",""],"l":{"1":1,"20":1,"22":1,"68":0,"69":0,"84":0,"88":0,"89":0,"90":0,"91":0,"94":0,"103":0,"104":0,"105":0,"108":0,"110":0,"111":0,"114":0,"116":0,"117":0,"133":0,"134":0,"135":0,"136":0,"137":0,"138":0,"140":0,"141":0,"142":0,"144":0,"145":0,"146":0,"148":0,"149":0,"151":0,"154":0,"157":0,"158":0,"164":0,"180":0,"181":0,"182":0,"185":0,"186":0,"187":0,"189":0,"191":0,"192":0,"193":0,"194":0,"196":0,"197":0,"198":0,"200":0,"203":0,"204":0,"207":0,"208":0,"211":0,"215":0,"216":0,"218":0,"219":0,"220":0,"221":0,"224":0,"225":0,"226":0,"229":0,"230":0,"231":0,"232":0,"235":0,"236":0,"237":0,"240":0,"241":0,"242":0,"243":0,"246":0,"247":0,"248":0,"249":0,"254":0,"282":0,"283":0,"285":0,"288":0,"291":0,"292":0,"293":0,"294":0,"298":0,"299":0,"303":0,"304":0,"305":0,"310":0,"312":0,"314":0,"315":0,"316":0,"317":0,"319":0,"320":0,"321":0,"323":0,"324":0,"328":0,"329":0,"330":0,"331":0,"332":0,"338":0,"355":0,"356":0,"357":0,"358":0,"359":0,"361":0,"363":0,"364":0,"365":0,"366":0,"369":0,"371":0,"372":0,"374":0,"375":0,"378":0,"389":0,"391":0,"392":0,"394":0,"395":0,"399":0,"401":0,"406":1,"412":1,"428":1,"504":1,"1420":1,"1421":1,"1422":0,"1423":0,"1424":0,"1427":0,"1428":0,"1430":0}}}